<?xml version="1.0" encoding="UTF-8"?>
<testsuite name="CalculatorTest" tests="1" skipped="0" failures="0" errors="0" timestamp="2020-02-12T11:30:25" hostname="umuzi-admin" time="0.005">
  <properties/>
  <testcase name="addTest" classname="CalculatorTest" time="0.005"/>
  <system-out><![CDATA[3
-2
15
]]></system-out>
  <system-err><![CDATA[]]></system-err>
</testsuite>
